# Logfile created on 2014-01-14 00:54:56 -0800 by logger.rb/44203
I, [2014-01-14T00:54:56.636154 #35266]  INFO -- : 0:  rake (10.0.3) from /Users/chrismontes/.rvm/gems/ruby-2.1.0/specifications/rake-10.0.3.gemspec
I, [2014-01-14T00:54:57.572258 #35266]  INFO -- : 0:  addressable (2.2.8) from /Users/chrismontes/.rvm/gems/ruby-2.1.0/specifications/addressable-2.2.8.gemspec
I, [2014-01-14T00:54:58.334486 #35266]  INFO -- : 0:  mime-types (1.19) from /Users/chrismontes/.rvm/gems/ruby-2.1.0/specifications/mime-types-1.19.gemspec
I, [2014-01-14T00:55:04.829989 #35266]  INFO -- : 0:  nokogiri (1.5.9) from /Users/chrismontes/.rvm/gems/ruby-2.1.0/specifications/nokogiri-1.5.9.gemspec
I, [2014-01-14T00:55:06.224131 #35266]  INFO -- : 0:  rack (1.5.2) from /Users/chrismontes/.rvm/gems/ruby-2.1.0/specifications/rack-1.5.2.gemspec
I, [2014-01-14T00:55:06.947497 #35266]  INFO -- : 0:  rack-test (0.6.2) from /Users/chrismontes/.rvm/gems/ruby-2.1.0/specifications/rack-test-0.6.2.gemspec
I, [2014-01-14T00:55:20.170652 #35266]  INFO -- : 0:  ffi (1.0.11) from /Users/chrismontes/.rvm/gems/ruby-2.1.0/specifications/ffi-1.0.11.gemspec
I, [2014-01-14T00:55:21.003572 #35266]  INFO -- : 0:  childprocess (0.3.2) from /Users/chrismontes/.rvm/gems/ruby-2.1.0/specifications/childprocess-0.3.2.gemspec
I, [2014-01-14T00:55:21.605462 #35266]  INFO -- : 0:  libwebsocket (0.1.3) from /Users/chrismontes/.rvm/gems/ruby-2.1.0/specifications/libwebsocket-0.1.3.gemspec
I, [2014-01-14T00:55:21.971437 #35266]  INFO -- : 0:  multi_json (1.7.2) from /Users/chrismontes/.rvm/gems/ruby-2.1.0/specifications/multi_json-1.7.2.gemspec
I, [2014-01-14T00:55:22.626164 #35266]  INFO -- : 0:  rubyzip (0.9.8) from /Users/chrismontes/.rvm/gems/ruby-2.1.0/specifications/rubyzip-0.9.8.gemspec
I, [2014-01-14T00:55:24.646057 #35266]  INFO -- : 0:  selenium-webdriver (2.21.2) from /Users/chrismontes/.rvm/gems/ruby-2.1.0/specifications/selenium-webdriver-2.21.2.gemspec
I, [2014-01-14T00:55:25.635521 #35266]  INFO -- : 0:  xpath (0.1.4) from /Users/chrismontes/.rvm/gems/ruby-2.1.0/specifications/xpath-0.1.4.gemspec
I, [2014-01-14T00:55:26.968658 #35266]  INFO -- : 0:  capybara (1.1.2) from /Users/chrismontes/.rvm/gems/ruby-2.1.0/specifications/capybara-1.1.2.gemspec
I, [2014-01-14T00:55:35.239405 #35266]  INFO -- : 0:  eventmachine (1.0.3) from /Users/chrismontes/.rvm/gems/ruby-2.1.0/specifications/eventmachine-1.0.3.gemspec
I, [2014-01-14T00:55:36.582926 #35266]  INFO -- : 0:  faye-websocket (0.4.5) from /Users/chrismontes/.rvm/gems/ruby-2.1.0/specifications/faye-websocket-0.4.5.gemspec
I, [2014-01-14T00:55:38.162299 #35266]  INFO -- : 0:  http_parser.rb (0.5.3) from /Users/chrismontes/.rvm/gems/ruby-2.1.0/specifications/http_parser.rb-0.5.3.gemspec
I, [2014-01-14T00:55:38.809867 #35266]  INFO -- : 0:  poltergeist (0.6.0) from /Users/chrismontes/.rvm/gems/ruby-2.1.0/specifications/poltergeist-0.6.0.gemspec
I, [2014-01-14T00:55:38.810302 #35266]  INFO -- : 0:  bundler (1.5.1) from /Users/chrismontes/.rvm/gems/ruby-2.1.0@global/specifications/bundler-1.5.1.gemspec
I, [2014-01-14T00:56:09.461144 #39592]  INFO -- : 0:  rake (10.1.1) from /Users/chrismontes/.rvm/gems/ruby-2.1.0/specifications/rake-10.1.1.gemspec
I, [2014-01-14T00:56:09.796571 #39592]  INFO -- : 0:  mime-types (2.0) from /Users/chrismontes/.rvm/gems/ruby-2.1.0/specifications/mime-types-2.0.gemspec
I, [2014-01-14T00:56:10.053886 #39592]  INFO -- : 0:  mini_portile (0.5.2) from /Users/chrismontes/.rvm/gems/ruby-2.1.0/specifications/mini_portile-0.5.2.gemspec
I, [2014-01-14T00:57:24.385001 #39592]  INFO -- : 0:  nokogiri (1.6.1) from /Users/chrismontes/.rvm/gems/ruby-2.1.0/specifications/nokogiri-1.6.1.gemspec
I, [2014-01-14T00:57:24.385584 #39592]  INFO -- : 0:  rack (1.5.2) from /Users/chrismontes/.rvm/gems/ruby-2.1.0/specifications/rack-1.5.2.gemspec
I, [2014-01-14T00:57:24.385932 #39592]  INFO -- : 0:  rack-test (0.6.2) from /Users/chrismontes/.rvm/gems/ruby-2.1.0/specifications/rack-test-0.6.2.gemspec
I, [2014-01-14T00:57:25.437044 #39592]  INFO -- : 0:  xpath (2.0.0) from /Users/chrismontes/.rvm/gems/ruby-2.1.0/specifications/xpath-2.0.0.gemspec
I, [2014-01-14T00:57:26.007777 #39592]  INFO -- : 0:  capybara (2.2.1) from /Users/chrismontes/.rvm/gems/ruby-2.1.0/specifications/capybara-2.2.1.gemspec
I, [2014-01-14T00:57:26.383329 #39592]  INFO -- : 0:  cliver (0.3.2) from /Users/chrismontes/.rvm/gems/ruby-2.1.0/specifications/cliver-0.3.2.gemspec
I, [2014-01-14T00:57:27.591967 #39592]  INFO -- : 0:  multi_json (1.8.4) from /Users/chrismontes/.rvm/gems/ruby-2.1.0/specifications/multi_json-1.8.4.gemspec
I, [2014-01-14T00:57:28.065397 #39592]  INFO -- : 0:  websocket-driver (0.3.2) from /Users/chrismontes/.rvm/gems/ruby-2.1.0/specifications/websocket-driver-0.3.2.gemspec
I, [2014-01-14T00:57:28.382587 #39592]  INFO -- : 0:  poltergeist (1.5.0) from /Users/chrismontes/.rvm/gems/ruby-2.1.0/specifications/poltergeist-1.5.0.gemspec
I, [2014-01-14T00:57:28.386406 #39592]  INFO -- : 0:  bundler (1.5.1) from /Users/chrismontes/.rvm/gems/ruby-2.1.0@global/specifications/bundler-1.5.1.gemspec
